#
# There is insufficient memory for the Java Runtime Environment to continue.
# Native memory allocation (mmap) failed to map 81788928 bytes for G1 virtual space
# Possible reasons:
#   The system is out of physical RAM or swap space
#   The process is running with CompressedOops enabled, and the Java Heap may be blocking the growth of the native heap
# Possible solutions:
#   Reduce memory load on the system
#   Increase physical memory or swap space
#   Check if swap backing store is full
#   Decrease Java heap size (-Xmx/-Xms)
#   Decrease number of Java threads
#   Decrease Java thread stack sizes (-Xss)
#   Set larger code cache with -XX:ReservedCodeCacheSize=
#   JVM is running with Unscaled Compressed Oops mode in which the Java heap is
#     placed in the first 4GB address space. The Java Heap base address is the
#     maximum limit for the native heap growth. Please use -XX:HeapBaseMinAddress
#     to set the Java Heap base and to place the Java Heap above 4GB virtual address.
# This output file may be truncated or incomplete.
#
#  Out of Memory Error (os_windows.cpp:3528), pid=17788, tid=18336
#
# JRE version: Java(TM) SE Runtime Environment (20.0.1+9) (build 20.0.1+9-29)
# Java VM: Java HotSpot(TM) 64-Bit Server VM (20.0.1+9-29, mixed mode, emulated-client, sharing, tiered, compressed oops, compressed class ptrs, g1 gc, windows-amd64)
# No core dump will be written. Minidumps are not enabled by default on client versions of Windows
#

---------------  S U M M A R Y ------------

Command Line: -Dquarkus-internal.serialized-app-model.path=D:\MANO-OCS\target\quarkus\bootstrap\dev-app-model.dat -javaagent:C:\Users\Bao Trung\.m2\repository\io\quarkus\quarkus-class-change-agent\3.9.2\quarkus-class-change-agent-3.9.2.jar -XX:TieredStopAtLevel=1 -agentlib:jdwp=transport=dt_socket,address=localhost:5005,server=y,suspend=n -Djava.util.logging.manager=org.jboss.logmanager.LogManager D:\MANO-OCS\target\code-with-quarkus-dev.jar

Host: AMD Ryzen 5 5625U with Radeon Graphics         , 12 cores, 6G,  Windows 11 , 64 bit Build 22621 (10.0.22621.3374)
Time: Sat Apr 20 15:31:37 2024 SE Asia Standard Time elapsed time: 4.830608 seconds (0d 0h 0m 4s)

---------------  T H R E A D  ---------------

Current thread (0x000001d0725926a0):  VMThread "VM Thread" [stack: 0x000000265b000000,0x000000265b100000] [id=18336]

Stack: [0x000000265b000000,0x000000265b100000]
Native frames: (J=compiled Java code, j=interpreted, Vv=VM code, C=native code)
V  [jvm.dll+0x6bb95a]
V  [jvm.dll+0x8485fa]
V  [jvm.dll+0x84a1f5]
V  [jvm.dll+0x84a8f3]
V  [jvm.dll+0x280b0f]
V  [jvm.dll+0x6b86e9]
V  [jvm.dll+0x6ad2da]
V  [jvm.dll+0x35adf5]
V  [jvm.dll+0x363016]
V  [jvm.dll+0x3b3b3e]
V  [jvm.dll+0x3b3dc5]
V  [jvm.dll+0x32b50a]
V  [jvm.dll+0x32b5b7]
V  [jvm.dll+0x373942]
V  [jvm.dll+0x372140]
V  [jvm.dll+0x32ac51]
V  [jvm.dll+0x371836]
V  [jvm.dll+0x85023e]
V  [jvm.dll+0x851351]
V  [jvm.dll+0x851859]
V  [jvm.dll+0x851ad3]
V  [jvm.dll+0x7f4b56]
V  [jvm.dll+0x6ba5cb]
C  [ucrtbase.dll+0x29333]
C  [KERNEL32.DLL+0x1257d]
C  [ntdll.dll+0x5aa48]

VM_Operation (0x000000265aafbc50): G1CollectForAllocation, mode: safepoint, requested by thread 0x000001d061f68b90


---------------  P R O C E S S  ---------------

Threads class SMR info:
_java_thread_list=0x000001d0782c9b90, length=26, elements={
0x000001d061f68b90, 0x000001d0725b2ed0, 0x000001d0725b4e80, 0x000001d0725bcf60,
0x000001d0725be8b0, 0x000001d0725c13b0, 0x000001d0725c1e20, 0x000001d0725c5ec0,
0x000001d07257c6f0, 0x000001d07681d380, 0x000001d076e89c20, 0x000001d076e8f1b0,
0x000001d076e936a0, 0x000001d076e9a860, 0x000001d0781c2200, 0x000001d0781fe120,
0x000001d0768f0280, 0x000001d07825a500, 0x000001d078291d30, 0x000001d0782b5f30,
0x000001d0782b44a0, 0x000001d0782b6480, 0x000001d0782b69d0, 0x000001d0782b3f50,
0x000001d0782b34b0, 0x000001d0782b3a00
}

Java Threads: ( => current thread )
  0x000001d061f68b90 JavaThread "main" [_thread_blocked, id=23176, stack(0x000000265aa00000,0x000000265ab00000)]
  0x000001d0725b2ed0 JavaThread "Reference Handler" daemon [_thread_blocked, id=17572, stack(0x000000265b100000,0x000000265b200000)]
  0x000001d0725b4e80 JavaThread "Finalizer" daemon [_thread_blocked, id=12172, stack(0x000000265b200000,0x000000265b300000)]
  0x000001d0725bcf60 JavaThread "Signal Dispatcher" daemon [_thread_blocked, id=29568, stack(0x000000265b300000,0x000000265b400000)]
  0x000001d0725be8b0 JavaThread "Attach Listener" daemon [_thread_blocked, id=4732, stack(0x000000265b400000,0x000000265b500000)]
  0x000001d0725c13b0 JavaThread "Service Thread" daemon [_thread_blocked, id=23916, stack(0x000000265b500000,0x000000265b600000)]
  0x000001d0725c1e20 JavaThread "Monitor Deflation Thread" daemon [_thread_blocked, id=34804, stack(0x000000265b600000,0x000000265b700000)]
  0x000001d0725c5ec0 JavaThread "C1 CompilerThread0" daemon [_thread_blocked, id=3992, stack(0x000000265b700000,0x000000265b800000)]
  0x000001d07257c6f0 JavaThread "Common-Cleaner" daemon [_thread_blocked, id=15144, stack(0x000000265b800000,0x000000265b900000)]
  0x000001d07681d380 JavaThread "C1 CompilerThread1" daemon [_thread_blocked, id=22168, stack(0x000000265b900000,0x000000265ba00000)]
  0x000001d076e89c20 JavaThread "JDWP Transport Listener: dt_socket" daemon [_thread_in_native, id=15156, stack(0x000000265ba00000,0x000000265bb00000)]
  0x000001d076e8f1b0 JavaThread "JDWP Event Helper Thread" daemon [_thread_blocked, id=23276, stack(0x000000265bb00000,0x000000265bc00000)]
  0x000001d076e936a0 JavaThread "Notification Thread" daemon [_thread_blocked, id=10356, stack(0x000000265bc00000,0x000000265bd00000)]
  0x000001d076e9a860 JavaThread "Reference Reaper #1" daemon [_thread_blocked, id=34972, stack(0x000000265be00000,0x000000265bf00000)]
  0x000001d0781c2200 JavaThread "Quarkus Devmode keep alive thread" [_thread_blocked, id=14432, stack(0x000000265c500000,0x000000265c600000)]
  0x000001d0781fe120 JavaThread "ForkJoinPool.commonPool-worker-1" daemon [_thread_blocked, id=19020, stack(0x000000265c600000,0x000000265c700000)]
  0x000001d0768f0280 JavaThread "ForkJoinPool.commonPool-worker-2" daemon [_thread_blocked, id=3112, stack(0x000000265c700000,0x000000265c800000)]
  0x000001d07825a500 JavaThread "ForkJoinPool.commonPool-worker-3" daemon [_thread_blocked, id=9156, stack(0x000000265c800000,0x000000265c900000)]
  0x000001d078291d30 JavaThread "ForkJoinPool.commonPool-worker-4" daemon [_thread_blocked, id=22620, stack(0x000000265c900000,0x000000265ca00000)]
  0x000001d0782b5f30 JavaThread "ForkJoinPool.commonPool-worker-5" daemon [_thread_blocked, id=18904, stack(0x000000265ca00000,0x000000265cb00000)]
  0x000001d0782b44a0 JavaThread "ForkJoinPool.commonPool-worker-6" daemon [_thread_blocked, id=19432, stack(0x000000265cb00000,0x000000265cc00000)]
  0x000001d0782b6480 JavaThread "ForkJoinPool.commonPool-worker-7" daemon [_thread_blocked, id=33960, stack(0x000000265cc00000,0x000000265cd00000)]
  0x000001d0782b69d0 JavaThread "ForkJoinPool.commonPool-worker-8" daemon [_thread_blocked, id=34008, stack(0x000000265cd00000,0x000000265ce00000)]
  0x000001d0782b3f50 JavaThread "ForkJoinPool.commonPool-worker-9" daemon [_thread_blocked, id=13624, stack(0x000000265ce00000,0x000000265cf00000)]
  0x000001d0782b34b0 JavaThread "ForkJoinPool.commonPool-worker-10" daemon [_thread_blocked, id=5948, stack(0x000000265cf00000,0x000000265d000000)]
  0x000001d0782b3a00 JavaThread "ForkJoinPool.commonPool-worker-11" daemon [_thread_blocked, id=15436, stack(0x000000265d000000,0x000000265d100000)]

Other Threads:
=>0x000001d0725926a0 VMThread "VM Thread" [stack: 0x000000265b000000,0x000000265b100000] [id=18336]
  0x000001d076e96410 WatcherThread "VM Periodic Task Thread" [stack: 0x000000265bd00000,0x000000265be00000] [id=13320]
  0x000001d061fbd370 WorkerThread "GC Thread#0" [stack: 0x000000265ab00000,0x000000265ac00000] [id=18568]
  0x000001d0770957c0 WorkerThread "GC Thread#1" [stack: 0x000000265bf00000,0x000000265c000000] [id=33240]
  0x000001d07702bea0 WorkerThread "GC Thread#2" [stack: 0x000000265c000000,0x000000265c100000] [id=30488]
  0x000001d07702a280 WorkerThread "GC Thread#3" [stack: 0x000000265c100000,0x000000265c200000] [id=9408]
  0x000001d07702b360 WorkerThread "GC Thread#4" [stack: 0x000000265c200000,0x000000265c300000] [id=18504]
  0x000001d07702bbd0 WorkerThread "GC Thread#5" [stack: 0x000000265c300000,0x000000265c400000] [id=21952]
  0x000001d07702b900 WorkerThread "GC Thread#6" [stack: 0x000000265c400000,0x000000265c500000] [id=26544]
  0x000001d07702b630 WorkerThread "GC Thread#7" [stack: 0x000000265d100000,0x000000265d200000] [id=31356]
  0x000001d07702aaf0 WorkerThread "GC Thread#8" [stack: 0x000000265d200000,0x000000265d300000] [id=4972]
  0x000001d0786d6870 WorkerThread "GC Thread#9" [stack: 0x000000265d300000,0x000000265d400000] [id=23456]
  0x000001d05fe7eb00 ConcurrentGCThread "G1 Main Marker" [stack: 0x000000265ac00000,0x000000265ad00000] [id=27996]
  0x000001d061fc8f60 WorkerThread "G1 Conc#0" [stack: 0x000000265ad00000,0x000000265ae00000] [id=5456]
  0x000001d0724540e0 ConcurrentGCThread "G1 Refine#0" [stack: 0x000000265ae00000,0x000000265af00000] [id=7164]
  0x000001d072454b80 ConcurrentGCThread "G1 Service" [stack: 0x000000265af00000,0x000000265b000000] [id=28700]

Threads with active compile tasks:
C1 CompilerThread0     4884 2571  s    1       java.util.jar.JarFile::getInputStream (88 bytes)
C1 CompilerThread1     4884 2570       1       java.lang.invoke.MethodHandles$Lookup$ClassDefiner::defineClass (97 bytes)

VM state: at safepoint (normal execution)

VM Mutex/Monitor currently owned by a thread:  ([mutex/lock_event])
[0x000001d061f64a00] Threads_lock - owner thread: 0x000001d0725926a0
[0x000001d061f634a0] Heap_lock - owner thread: 0x000001d061f68b90

Heap address: 0x0000000092c00000, size: 1748 MB, Compressed Oops mode: 32-bit

CDS archive(s) mapped at: [0x0000000800000000-0x0000000800c60000-0x0000000800c60000), size 12976128, SharedBaseAddress: 0x0000000800000000, ArchiveRelocationMode: 0.
Compressed class space mapped at: 0x0000000801000000-0x0000000841000000, reserved size: 1073741824
Narrow klass base: 0x0000000800000000, Narrow klass shift: 0, Narrow klass range: 0x100000000

GC Precious Log:
 CardTable entry size: 512
 Card Set container configuration: InlinePtr #cards 5 size 8 Array Of Cards #cards 12 size 40 Howl #buckets 4 coarsen threshold 1843 Howl Bitmap #cards 512 size 80 coarsen threshold 460 Card regions per heap region 1 cards per card region 2048
 CPUs: 12 total, 12 available
 Memory: 6990M
 Large Page Support: Disabled
 NUMA Support: Disabled
 Compressed Oops: Enabled (32-bit)
 Heap Region Size: 1M
 Heap Min Capacity: 8M
 Heap Initial Capacity: 110M
 Heap Max Capacity: 1748M
 Pre-touch: Disabled
 Parallel Workers: 10
 Concurrent Workers: 3
 Concurrent Refinement Workers: 10
 Periodic GC: Disabled

Heap:
 garbage-first heap   total 112640K, used 47104K [0x0000000092c00000, 0x0000000100000000)
  region size 1024K, 5 young (5120K), 5 survivors (5120K)
 Metaspace       used 8102K, committed 8448K, reserved 1114112K
  class space    used 1045K, committed 1216K, reserved 1048576K

Heap Regions: E=young(eden), S=young(survivor), O=old, HS=humongous(starts), HC=humongous(continues), CS=collection set, F=free, OA=open archive, CA=closed archive, TAMS=top-at-mark-start, PB=parsable bottom
|   0|0x0000000092c00000, 0x0000000092d00000, 0x0000000092d00000|100%| O|  |TAMS 0x0000000092c00000| PB 0x0000000092c00000| Untracked 
|   1|0x0000000092d00000, 0x0000000092e00000, 0x0000000092e00000|100%| O|  |TAMS 0x0000000092d00000| PB 0x0000000092d00000| Untracked 
|   2|0x0000000092e00000, 0x0000000092f00000, 0x0000000092f00000|100%| O|  |TAMS 0x0000000092e00000| PB 0x0000000092e00000| Untracked 
|   3|0x0000000092f00000, 0x0000000093000000, 0x0000000093000000|100%| O|  |TAMS 0x0000000092f00000| PB 0x0000000092f00000| Untracked 
|   4|0x0000000093000000, 0x0000000093100000, 0x0000000093100000|100%| O|  |TAMS 0x0000000093000000| PB 0x0000000093000000| Untracked 
|   5|0x0000000093100000, 0x0000000093200000, 0x0000000093200000|100%| O|  |TAMS 0x0000000093100000| PB 0x0000000093100000| Untracked 
|   6|0x0000000093200000, 0x0000000093300000, 0x0000000093300000|100%| O|  |TAMS 0x0000000093200000| PB 0x0000000093200000| Untracked 
|   7|0x0000000093300000, 0x0000000093400000, 0x0000000093400000|100%| O|  |TAMS 0x0000000093300000| PB 0x0000000093300000| Untracked 
|   8|0x0000000093400000, 0x0000000093500000, 0x0000000093500000|100%| O|  |TAMS 0x0000000093400000| PB 0x0000000093400000| Untracked 
|   9|0x0000000093500000, 0x0000000093600000, 0x0000000093600000|100%| O|  |TAMS 0x0000000093500000| PB 0x0000000093500000| Untracked 
|  10|0x0000000093600000, 0x0000000093700000, 0x0000000093700000|100%|HS|  |TAMS 0x0000000093600000| PB 0x0000000093600000| Complete 
|  11|0x0000000093700000, 0x0000000093800000, 0x0000000093800000|100%|HC|  |TAMS 0x0000000093700000| PB 0x0000000093700000| Complete 
|  12|0x0000000093800000, 0x0000000093900000, 0x0000000093900000|100%| O|  |TAMS 0x0000000093800000| PB 0x0000000093800000| Untracked 
|  13|0x0000000093900000, 0x0000000093a00000, 0x0000000093a00000|100%| O|  |TAMS 0x0000000093900000| PB 0x0000000093900000| Untracked 
|  14|0x0000000093a00000, 0x0000000093b00000, 0x0000000093b00000|100%| O|  |TAMS 0x0000000093a00000| PB 0x0000000093a00000| Untracked 
|  15|0x0000000093b00000, 0x0000000093c00000, 0x0000000093c00000|100%| O|  |TAMS 0x0000000093b00000| PB 0x0000000093b00000| Untracked 
|  16|0x0000000093c00000, 0x0000000093d00000, 0x0000000093d00000|100%| O|  |TAMS 0x0000000093c00000| PB 0x0000000093c00000| Untracked 
|  17|0x0000000093d00000, 0x0000000093e00000, 0x0000000093e00000|100%| O|  |TAMS 0x0000000093d00000| PB 0x0000000093d00000| Untracked 
|  18|0x0000000093e00000, 0x0000000093f00000, 0x0000000093f00000|100%| O|  |TAMS 0x0000000093e00000| PB 0x0000000093e00000| Untracked 
|  19|0x0000000093f00000, 0x0000000094000000, 0x0000000094000000|100%| O|  |TAMS 0x0000000093f00000| PB 0x0000000093f00000| Untracked 
|  20|0x0000000094000000, 0x0000000094100000, 0x0000000094100000|100%| O|  |TAMS 0x0000000094000000| PB 0x0000000094000000| Untracked 
|  21|0x0000000094100000, 0x0000000094200000, 0x0000000094200000|100%| O|  |TAMS 0x0000000094100000| PB 0x0000000094100000| Untracked 
|  22|0x0000000094200000, 0x0000000094300000, 0x0000000094300000|100%| O|  |TAMS 0x0000000094200000| PB 0x0000000094200000| Untracked 
|  23|0x0000000094300000, 0x0000000094400000, 0x0000000094400000|100%| O|  |TAMS 0x0000000094300000| PB 0x0000000094300000| Untracked 
|  24|0x0000000094400000, 0x0000000094500000, 0x0000000094500000|100%| O|  |TAMS 0x0000000094400000| PB 0x0000000094400000| Untracked 
|  25|0x0000000094500000, 0x0000000094600000, 0x0000000094600000|100%| O|  |TAMS 0x0000000094500000| PB 0x0000000094500000| Untracked 
|  26|0x0000000094600000, 0x0000000094700000, 0x0000000094700000|100%|HS|  |TAMS 0x0000000094600000| PB 0x0000000094600000| Complete 
|  27|0x0000000094700000, 0x0000000094800000, 0x0000000094800000|100%| O|  |TAMS 0x0000000094700000| PB 0x0000000094700000| Untracked 
|  28|0x0000000094800000, 0x0000000094900000, 0x0000000094900000|100%| O|  |TAMS 0x0000000094800000| PB 0x0000000094800000| Untracked 
|  29|0x0000000094900000, 0x0000000094a00000, 0x0000000094a00000|100%| O|  |TAMS 0x0000000094900000| PB 0x0000000094900000| Untracked 
|  30|0x0000000094a00000, 0x0000000094b00000, 0x0000000094b00000|100%| O|  |TAMS 0x0000000094a00000| PB 0x0000000094a00000| Untracked 
|  31|0x0000000094b00000, 0x0000000094c00000, 0x0000000094c00000|100%| O|  |TAMS 0x0000000094b00000| PB 0x0000000094b00000| Untracked 
|  32|0x0000000094c00000, 0x0000000094d00000, 0x0000000094d00000|100%| O|  |TAMS 0x0000000094c00000| PB 0x0000000094c00000| Untracked 
|  33|0x0000000094d00000, 0x0000000094e00000, 0x0000000094e00000|100%| O|  |TAMS 0x0000000094d00000| PB 0x0000000094d00000| Untracked 
|  34|0x0000000094e00000, 0x0000000094f00000, 0x0000000094f00000|100%|HS|  |TAMS 0x0000000094e00000| PB 0x0000000094e00000| Complete 
|  35|0x0000000094f00000, 0x0000000095000000, 0x0000000095000000|100%| O|  |TAMS 0x0000000094f00000| PB 0x0000000094f00000| Untracked 
|  36|0x0000000095000000, 0x0000000095100000, 0x0000000095100000|100%| O|  |TAMS 0x0000000095000000| PB 0x0000000095000000| Untracked 
|  37|0x0000000095100000, 0x0000000095200000, 0x0000000095200000|100%| O|  |TAMS 0x0000000095100000| PB 0x0000000095100000| Untracked 
|  38|0x0000000095200000, 0x0000000095300000, 0x0000000095300000|100%| O|  |TAMS 0x0000000095200000| PB 0x0000000095200000| Untracked 
|  39|0x0000000095300000, 0x0000000095400000, 0x0000000095400000|100%| O|  |TAMS 0x0000000095300000| PB 0x0000000095300000| Untracked 
|  40|0x0000000095400000, 0x0000000095500000, 0x0000000095500000|100%| O|  |TAMS 0x0000000095400000| PB 0x0000000095400000| Untracked 
|  41|0x0000000095500000, 0x0000000095500000, 0x0000000095600000|  0%| F|  |TAMS 0x0000000095500000| PB 0x0000000095500000| Untracked 
|  42|0x0000000095600000, 0x0000000095600000, 0x0000000095700000|  0%| F|  |TAMS 0x0000000095600000| PB 0x0000000095600000| Untracked 
|  43|0x0000000095700000, 0x0000000095700000, 0x0000000095800000|  0%| F|  |TAMS 0x0000000095700000| PB 0x0000000095700000| Untracked 
|  44|0x0000000095800000, 0x0000000095800000, 0x0000000095900000|  0%| F|  |TAMS 0x0000000095800000| PB 0x0000000095800000| Untracked 
|  45|0x0000000095900000, 0x0000000095900000, 0x0000000095a00000|  0%| F|  |TAMS 0x0000000095900000| PB 0x0000000095900000| Untracked 
|  46|0x0000000095a00000, 0x0000000095a00000, 0x0000000095b00000|  0%| F|  |TAMS 0x0000000095a00000| PB 0x0000000095a00000| Untracked 
|  47|0x0000000095b00000, 0x0000000095b00000, 0x0000000095c00000|  0%| F|  |TAMS 0x0000000095b00000| PB 0x0000000095b00000| Untracked 
|  48|0x0000000095c00000, 0x0000000095c00000, 0x0000000095d00000|  0%| F|  |TAMS 0x0000000095c00000| PB 0x0000000095c00000| Untracked 
|  49|0x0000000095d00000, 0x0000000095d00000, 0x0000000095e00000|  0%| F|  |TAMS 0x0000000095d00000| PB 0x0000000095d00000| Untracked 
|  50|0x0000000095e00000, 0x0000000095e00000, 0x0000000095f00000|  0%| F|  |TAMS 0x0000000095e00000| PB 0x0000000095e00000| Untracked 
|  51|0x0000000095f00000, 0x0000000095f00000, 0x0000000096000000|  0%| F|  |TAMS 0x0000000095f00000| PB 0x0000000095f00000| Untracked 
|  52|0x0000000096000000, 0x0000000096000000, 0x0000000096100000|  0%| F|  |TAMS 0x0000000096000000| PB 0x0000000096000000| Untracked 
|  53|0x0000000096100000, 0x0000000096100000, 0x0000000096200000|  0%| F|  |TAMS 0x0000000096100000| PB 0x0000000096100000| Untracked 
|  54|0x0000000096200000, 0x0000000096200000, 0x0000000096300000|  0%| F|  |TAMS 0x0000000096200000| PB 0x0000000096200000| Untracked 
|  55|0x0000000096300000, 0x0000000096300000, 0x0000000096400000|  0%| F|  |TAMS 0x0000000096300000| PB 0x0000000096300000| Untracked 
|  56|0x0000000096400000, 0x0000000096400000, 0x0000000096500000|  0%| F|  |TAMS 0x0000000096400000| PB 0x0000000096400000| Untracked 
|  57|0x0000000096500000, 0x0000000096500000, 0x0000000096600000|  0%| F|  |TAMS 0x0000000096500000| PB 0x0000000096500000| Untracked 
|  58|0x0000000096600000, 0x0000000096600000, 0x0000000096700000|  0%| F|  |TAMS 0x0000000096600000| PB 0x0000000096600000| Untracked 
|  59|0x0000000096700000, 0x0000000096700000, 0x0000000096800000|  0%| F|  |TAMS 0x0000000096700000| PB 0x0000000096700000| Untracked 
|  60|0x0000000096800000, 0x0000000096800000, 0x0000000096900000|  0%| F|  |TAMS 0x0000000096800000| PB 0x0000000096800000| Untracked 
|  61|0x0000000096900000, 0x0000000096900000, 0x0000000096a00000|  0%| F|  |TAMS 0x0000000096900000| PB 0x0000000096900000| Untracked 
|  62|0x0000000096a00000, 0x0000000096a00000, 0x0000000096b00000|  0%| F|  |TAMS 0x0000000096a00000| PB 0x0000000096a00000| Untracked 
|  63|0x0000000096b00000, 0x0000000096b00000, 0x0000000096c00000|  0%| F|  |TAMS 0x0000000096b00000| PB 0x0000000096b00000| Untracked 
|  64|0x0000000096c00000, 0x0000000096c00000, 0x0000000096d00000|  0%| F|  |TAMS 0x0000000096c00000| PB 0x0000000096c00000| Untracked 
|  65|0x0000000096d00000, 0x0000000096d00000, 0x0000000096e00000|  0%| F|  |TAMS 0x0000000096d00000| PB 0x0000000096d00000| Untracked 
|  66|0x0000000096e00000, 0x0000000096e00000, 0x0000000096f00000|  0%| F|  |TAMS 0x0000000096e00000| PB 0x0000000096e00000| Untracked 
|  67|0x0000000096f00000, 0x0000000097000000, 0x0000000097000000|100%| S|CS|TAMS 0x0000000096f00000| PB 0x0000000096f00000| Complete 
|  68|0x0000000097000000, 0x0000000097100000, 0x0000000097100000|100%| S|CS|TAMS 0x0000000097000000| PB 0x0000000097000000| Complete 
|  69|0x0000000097100000, 0x0000000097100000, 0x0000000097200000|  0%| F|  |TAMS 0x0000000097100000| PB 0x0000000097100000| Untracked 
|  70|0x0000000097200000, 0x0000000097200000, 0x0000000097300000|  0%| F|  |TAMS 0x0000000097200000| PB 0x0000000097200000| Untracked 
|  71|0x0000000097300000, 0x0000000097300000, 0x0000000097400000|  0%| F|  |TAMS 0x0000000097300000| PB 0x0000000097300000| Untracked 
|  72|0x0000000097400000, 0x0000000097400000, 0x0000000097500000|  0%| F|  |TAMS 0x0000000097400000| PB 0x0000000097400000| Untracked 
|  73|0x0000000097500000, 0x0000000097500000, 0x0000000097600000|  0%| F|  |TAMS 0x0000000097500000| PB 0x0000000097500000| Untracked 
|  74|0x0000000097600000, 0x0000000097700000, 0x0000000097700000|100%| S|CS|TAMS 0x0000000097600000| PB 0x0000000097600000| Complete 
|  75|0x0000000097700000, 0x0000000097800000, 0x0000000097800000|100%| S|CS|TAMS 0x0000000097700000| PB 0x0000000097700000| Complete 
|  76|0x0000000097800000, 0x0000000097900000, 0x0000000097900000|100%| S|CS|TAMS 0x0000000097800000| PB 0x0000000097800000| Complete 
|  77|0x0000000097900000, 0x0000000097900000, 0x0000000097a00000|  0%| F|  |TAMS 0x0000000097900000| PB 0x0000000097900000| Untracked 
|  78|0x0000000097a00000, 0x0000000097a00000, 0x0000000097b00000|  0%| F|  |TAMS 0x0000000097a00000| PB 0x0000000097a00000| Untracked 
|  79|0x0000000097b00000, 0x0000000097b00000, 0x0000000097c00000|  0%| F|  |TAMS 0x0000000097b00000| PB 0x0000000097b00000| Untracked 
|  80|0x0000000097c00000, 0x0000000097c00000, 0x0000000097d00000|  0%| F|  |TAMS 0x0000000097c00000| PB 0x0000000097c00000| Untracked 
|  81|0x0000000097d00000, 0x0000000097d00000, 0x0000000097e00000|  0%| F|  |TAMS 0x0000000097d00000| PB 0x0000000097d00000| Untracked 
|  82|0x0000000097e00000, 0x0000000097e00000, 0x0000000097f00000|  0%| F|  |TAMS 0x0000000097e00000| PB 0x0000000097e00000| Untracked 
|  83|0x0000000097f00000, 0x0000000097f00000, 0x0000000098000000|  0%| F|  |TAMS 0x0000000097f00000| PB 0x0000000097f00000| Untracked 
|  84|0x0000000098000000, 0x0000000098000000, 0x0000000098100000|  0%| F|  |TAMS 0x0000000098000000| PB 0x0000000098000000| Untracked 
|  85|0x0000000098100000, 0x0000000098100000, 0x0000000098200000|  0%| F|  |TAMS 0x0000000098100000| PB 0x0000000098100000| Untracked 
|  86|0x0000000098200000, 0x0000000098200000, 0x0000000098300000|  0%| F|  |TAMS 0x0000000098200000| PB 0x0000000098200000| Untracked 
|  87|0x0000000098300000, 0x0000000098300000, 0x0000000098400000|  0%| F|  |TAMS 0x0000000098300000| PB 0x0000000098300000| Untracked 
|  88|0x0000000098400000, 0x0000000098400000, 0x0000000098500000|  0%| F|  |TAMS 0x0000000098400000| PB 0x0000000098400000| Untracked 
|  89|0x0000000098500000, 0x0000000098500000, 0x0000000098600000|  0%| F|  |TAMS 0x0000000098500000| PB 0x0000000098500000| Untracked 
|  90|0x0000000098600000, 0x0000000098600000, 0x0000000098700000|  0%| F|  |TAMS 0x0000000098600000| PB 0x0000000098600000| Untracked 
|  91|0x0000000098700000, 0x0000000098700000, 0x0000000098800000|  0%| F|  |TAMS 0x0000000098700000| PB 0x0000000098700000| Untracked 
|  92|0x0000000098800000, 0x0000000098800000, 0x0000000098900000|  0%| F|  |TAMS 0x0000000098800000| PB 0x0000000098800000| Untracked 
|  93|0x0000000098900000, 0x0000000098900000, 0x0000000098a00000|  0%| F|  |TAMS 0x0000000098900000| PB 0x0000000098900000| Untracked 
|  94|0x0000000098a00000, 0x0000000098a00000, 0x0000000098b00000|  0%| F|  |TAMS 0x0000000098a00000| PB 0x0000000098a00000| Untracked 
|  95|0x0000000098b00000, 0x0000000098b00000, 0x0000000098c00000|  0%| F|  |TAMS 0x0000000098b00000| PB 0x0000000098b00000| Untracked 
|  96|0x0000000098c00000, 0x0000000098c00000, 0x0000000098d00000|  0%| F|  |TAMS 0x0000000098c00000| PB 0x0000000098c00000| Untracked 
|  97|0x0000000098d00000, 0x0000000098d00000, 0x0000000098e00000|  0%| F|  |TAMS 0x0000000098d00000| PB 0x0000000098d00000| Untracked 
|  98|0x0000000098e00000, 0x0000000098e00000, 0x0000000098f00000|  0%| F|  |TAMS 0x0000000098e00000| PB 0x0000000098e00000| Untracked 
|  99|0x0000000098f00000, 0x0000000098f00000, 0x0000000099000000|  0%| F|  |TAMS 0x0000000098f00000| PB 0x0000000098f00000| Untracked 
| 100|0x0000000099000000, 0x0000000099000000, 0x0000000099100000|  0%| F|  |TAMS 0x0000000099000000| PB 0x0000000099000000| Untracked 
| 101|0x0000000099100000, 0x0000000099100000, 0x0000000099200000|  0%| F|  |TAMS 0x0000000099100000| PB 0x0000000099100000| Untracked 
| 102|0x0000000099200000, 0x0000000099200000, 0x0000000099300000|  0%| F|  |TAMS 0x0000000099200000| PB 0x0000000099200000| Untracked 
| 103|0x0000000099300000, 0x0000000099300000, 0x0000000099400000|  0%| F|  |TAMS 0x0000000099300000| PB 0x0000000099300000| Untracked 
| 104|0x0000000099400000, 0x0000000099400000, 0x0000000099500000|  0%| F|  |TAMS 0x0000000099400000| PB 0x0000000099400000| Untracked 
| 105|0x0000000099500000, 0x0000000099500000, 0x0000000099600000|  0%| F|  |TAMS 0x0000000099500000| PB 0x0000000099500000| Untracked 
| 106|0x0000000099600000, 0x0000000099600000, 0x0000000099700000|  0%| F|  |TAMS 0x0000000099600000| PB 0x0000000099600000| Untracked 
| 107|0x0000000099700000, 0x0000000099700000, 0x0000000099800000|  0%| F|  |TAMS 0x0000000099700000| PB 0x0000000099700000| Untracked 
| 108|0x0000000099800000, 0x0000000099800000, 0x0000000099900000|  0%| F|  |TAMS 0x0000000099800000| PB 0x0000000099800000| Untracked 
| 109|0x0000000099900000, 0x0000000099900000, 0x0000000099a00000|  0%| F|  |TAMS 0x0000000099900000| PB 0x0000000099900000| Untracked 

Card table byte_map: [0x000001d06d6c0000,0x000001d06da30000] _byte_map_base: 0x000001d06d22a000

Marking Bits: (CMBitMap*) 0x000001d05fe7ade0
 Bits: [0x000001d06dda0000, 0x000001d06f8f0000)

Polling page: 0x000001d061720000

Metaspace:

Usage:
  Non-class:      6.89 MB used.
      Class:      1.02 MB used.
       Both:      7.91 MB used.

Virtual space:
  Non-class space:       64.00 MB reserved,       7.06 MB ( 11%) committed,  1 nodes.
      Class space:        1.00 GB reserved,       1.19 MB ( <1%) committed,  1 nodes.
             Both:        1.06 GB reserved,       8.25 MB ( <1%) committed. 

Chunk freelists:
   Non-Class:  3.66 MB
       Class:  2.74 MB
        Both:  6.39 MB

MaxMetaspaceSize: unlimited
CompressedClassSpaceSize: 1.00 GB
Initial GC threshold: 21.00 MB
Current GC threshold: 21.00 MB
CDS: on
MetaspaceReclaimPolicy: balanced
 - commit_granule_bytes: 65536.
 - commit_granule_words: 8192.
 - virtual_space_node_default_size: 8388608.
 - enlarge_chunks_in_place: 1.
 - new_chunks_are_fully_committed: 0.
 - uncommit_free_chunks: 1.
 - use_allocation_guard: 0.


Internal statistics:

num_allocs_failed_limit: 0.
num_arena_births: 346.
num_arena_deaths: 0.
num_vsnodes_births: 2.
num_vsnodes_deaths: 0.
num_space_committed: 132.
num_space_uncommitted: 0.
num_chunks_returned_to_freelist: 0.
num_chunks_taken_from_freelist: 683.
num_chunk_merges: 0.
num_chunk_splits: 397.
num_chunks_enlarged: 199.
num_inconsistent_stats: 0.

CodeCache: size=49152Kb used=6025Kb max_used=6025Kb free=43126Kb
 bounds [0x000001d06a010000, 0x000001d06a600000, 0x000001d06d010000]
 total_blobs=3030 nmethods=2569 adapters=385
 compilation: enabled
              stopped_count=0, restarted_count=0
 full_count=0

Compilation events (20 events):
Event: 4.797 Thread 0x000001d07681d380 2560       1       java.lang.System$2::defineClass (21 bytes)
Event: 4.797 Thread 0x000001d07681d380 nmethod 2560 0x000001d06a5ee210 code [0x000001d06a5ee3a0, 0x000001d06a5ee4e8]
Event: 4.797 Thread 0x000001d07681d380 2561       1       java.lang.NoSuchMethodException::<init> (6 bytes)
Event: 4.798 Thread 0x000001d07681d380 nmethod 2561 0x000001d06a5ee610 code [0x000001d06a5ee7a0, 0x000001d06a5ee890]
Event: 4.798 Thread 0x000001d07681d380 2562       1       java.lang.ClassLoader::getUnnamedModule (5 bytes)
Event: 4.799 Thread 0x000001d07681d380 nmethod 2562 0x000001d06a5ee990 code [0x000001d06a5eeb00, 0x000001d06a5eebc8]
Event: 4.802 Thread 0x000001d0725c5ec0 2563       1       java.lang.invoke.MethodHandles$Lookup::resolveOrFail (48 bytes)
Event: 4.802 Thread 0x000001d07681d380 2564       1       java.lang.invoke.MethodHandles$Lookup::checkMethodName (45 bytes)
Event: 4.803 Thread 0x000001d07681d380 nmethod 2564 0x000001d06a5eec90 code [0x000001d06a5eee80, 0x000001d06a5ef1c0]
Event: 4.803 Thread 0x000001d0725c5ec0 nmethod 2563 0x000001d06a5ef410 code [0x000001d06a5ef600, 0x000001d06a5ef9e0]
Event: 4.803 Thread 0x000001d07681d380 2565       1       sun.net.www.protocol.jar.Handler::parseURL (173 bytes)
Event: 4.804 Thread 0x000001d0725c5ec0 2566       1       sun.net.www.protocol.jar.Handler::indexOfBangSlash (52 bytes)
Event: 4.804 Thread 0x000001d07681d380 nmethod 2565 0x000001d06a5efc10 code [0x000001d06a5efe40, 0x000001d06a5f0398]
Event: 4.804 Thread 0x000001d07681d380 2568  s    1       jdk.internal.loader.Resource::cachedInputStream (20 bytes)
Event: 4.804 Thread 0x000001d07681d380 nmethod 2568 0x000001d06a5f0890 code [0x000001d06a5f0a20, 0x000001d06a5f0c38]
Event: 4.805 Thread 0x000001d07681d380 2567       1       java.net.URLStreamHandler::setURL (159 bytes)
Event: 4.805 Thread 0x000001d0725c5ec0 nmethod 2566 0x000001d06a5f0d10 code [0x000001d06a5f0ec0, 0x000001d06a5f1198]
Event: 4.805 Thread 0x000001d07681d380 nmethod 2567 0x000001d06a5f1410 code [0x000001d06a5f1640, 0x000001d06a5f1cd0]
Event: 4.806 Thread 0x000001d07681d380 2570       1       java.lang.invoke.MethodHandles$Lookup$ClassDefiner::defineClass (97 bytes)
Event: 4.806 Thread 0x000001d0725c5ec0 2571  s    1       java.util.jar.JarFile::getInputStream (88 bytes)

GC Heap History (9 events):
Event: 2.694 GC heap before
{Heap before GC invocations=0 (full 0):
 garbage-first heap   total 112640K, used 22528K [0x0000000092c00000, 0x0000000100000000)
  region size 1024K, 23 young (23552K), 0 survivors (0K)
 Metaspace       used 3351K, committed 3584K, reserved 1114112K
  class space    used 388K, committed 512K, reserved 1048576K
}
Event: 2.740 GC heap after
{Heap after GC invocations=1 (full 0):
 garbage-first heap   total 112640K, used 12608K [0x0000000092c00000, 0x0000000100000000)
  region size 1024K, 3 young (3072K), 3 survivors (3072K)
 Metaspace       used 3351K, committed 3584K, reserved 1114112K
  class space    used 388K, committed 512K, reserved 1048576K
}
Event: 3.456 GC heap before
{Heap before GC invocations=1 (full 0):
 garbage-first heap   total 112640K, used 32064K [0x0000000092c00000, 0x0000000100000000)
  region size 1024K, 20 young (20480K), 3 survivors (3072K)
 Metaspace       used 3569K, committed 3776K, reserved 1114112K
  class space    used 429K, committed 512K, reserved 1048576K
}
Event: 3.487 GC heap after
{Heap after GC invocations=2 (full 0):
 garbage-first heap   total 112640K, used 24064K [0x0000000092c00000, 0x0000000100000000)
  region size 1024K, 3 young (3072K), 3 survivors (3072K)
 Metaspace       used 3569K, committed 3776K, reserved 1114112K
  class space    used 429K, committed 512K, reserved 1048576K
}
Event: 3.690 GC heap before
{Heap before GC invocations=2 (full 0):
 garbage-first heap   total 112640K, used 43520K [0x0000000092c00000, 0x0000000100000000)
  region size 1024K, 22 young (22528K), 3 survivors (3072K)
 Metaspace       used 3569K, committed 3776K, reserved 1114112K
  class space    used 429K, committed 512K, reserved 1048576K
}
Event: 3.707 GC heap after
{Heap after GC invocations=3 (full 0):
 garbage-first heap   total 112640K, used 29184K [0x0000000092c00000, 0x0000000100000000)
  region size 1024K, 3 young (3072K), 3 survivors (3072K)
 Metaspace       used 3569K, committed 3776K, reserved 1114112K
  class space    used 429K, committed 512K, reserved 1048576K
}
Event: 3.990 GC heap before
{Heap before GC invocations=3 (full 0):
 garbage-first heap   total 112640K, used 64000K [0x0000000092c00000, 0x0000000100000000)
  region size 1024K, 36 young (36864K), 3 survivors (3072K)
 Metaspace       used 3570K, committed 3776K, reserved 1114112K
  class space    used 430K, committed 512K, reserved 1048576K
}
Event: 4.029 GC heap after
{Heap after GC invocations=4 (full 0):
 garbage-first heap   total 112640K, used 39936K [0x0000000092c00000, 0x0000000100000000)
  region size 1024K, 5 young (5120K), 5 survivors (5120K)
 Metaspace       used 3570K, committed 3776K, reserved 1114112K
  class space    used 430K, committed 512K, reserved 1048576K
}
Event: 4.806 GC heap before
{Heap before GC invocations=4 (full 0):
 garbage-first heap   total 112640K, used 74752K [0x0000000092c00000, 0x0000000100000000)
  region size 1024K, 38 young (38912K), 5 survivors (5120K)
 Metaspace       used 8102K, committed 8448K, reserved 1114112K
  class space    used 1045K, committed 1216K, reserved 1048576K
}

Dll operation events (9 events):
Event: 0.021 Loaded shared library C:\Program Files\Java\jdk-20\bin\java.dll
Event: 0.114 Loaded shared library C:\Program Files\Java\jdk-20\bin\jsvml.dll
Event: 0.190 Loaded shared library C:\Program Files\Java\jdk-20\bin\zip.dll
Event: 0.197 Loaded shared library C:\Program Files\Java\jdk-20\bin\instrument.dll
Event: 0.213 Loaded shared library C:\Program Files\Java\jdk-20\bin\net.dll
Event: 0.218 Loaded shared library C:\Program Files\Java\jdk-20\bin\nio.dll
Event: 0.225 Loaded shared library C:\Program Files\Java\jdk-20\bin\zip.dll
Event: 0.789 Loaded shared library C:\Program Files\Java\jdk-20\bin\jimage.dll
Event: 4.325 Loaded shared library C:\Program Files\Java\jdk-20\bin\verify.dll

Deoptimization events (20 events):
Event: 4.786 Thread 0x000001d061f68b90 DEOPT PACKING pc=0x000001d06a4ce98c sp=0x000000265aafe180
Event: 4.786 Thread 0x000001d061f68b90 DEOPT UNPACKING pc=0x000001d06a07a4c2 sp=0x000000265aafd790 mode 1
Event: 4.786 Thread 0x000001d061f68b90 DEOPT PACKING pc=0x000001d06a4cd17c sp=0x000000265aafe3c0
Event: 4.786 Thread 0x000001d061f68b90 DEOPT UNPACKING pc=0x000001d06a07a4c2 sp=0x000000265aafd878 mode 1
Event: 4.793 Thread 0x000001d061f68b90 DEOPT PACKING pc=0x000001d06a31cbd9 sp=0x000000265aafda50
Event: 4.793 Thread 0x000001d061f68b90 DEOPT UNPACKING pc=0x000001d06a07a4c2 sp=0x000000265aafcea8 mode 1
Event: 4.793 Thread 0x000001d061f68b90 DEOPT PACKING pc=0x000001d06a31c38c sp=0x000000265aafdae0
Event: 4.793 Thread 0x000001d061f68b90 DEOPT UNPACKING pc=0x000001d06a07a4c2 sp=0x000000265aafcf88 mode 1
Event: 4.793 Thread 0x000001d061f68b90 DEOPT PACKING pc=0x000001d06a4ce98c sp=0x000000265aafdb30
Event: 4.793 Thread 0x000001d061f68b90 DEOPT UNPACKING pc=0x000001d06a07a4c2 sp=0x000000265aafd140 mode 1
Event: 4.793 Thread 0x000001d061f68b90 DEOPT PACKING pc=0x000001d06a4cd17c sp=0x000000265aafdd70
Event: 4.793 Thread 0x000001d061f68b90 DEOPT UNPACKING pc=0x000001d06a07a4c2 sp=0x000000265aafd228 mode 1
Event: 4.794 Thread 0x000001d061f68b90 DEOPT PACKING pc=0x000001d06a31cbd9 sp=0x000000265aafd9c0
Event: 4.794 Thread 0x000001d061f68b90 DEOPT UNPACKING pc=0x000001d06a07a4c2 sp=0x000000265aafce18 mode 1
Event: 4.794 Thread 0x000001d061f68b90 DEOPT PACKING pc=0x000001d06a31c38c sp=0x000000265aafda50
Event: 4.794 Thread 0x000001d061f68b90 DEOPT UNPACKING pc=0x000001d06a07a4c2 sp=0x000000265aafcef8 mode 1
Event: 4.794 Thread 0x000001d061f68b90 DEOPT PACKING pc=0x000001d06a4ce98c sp=0x000000265aafdaa0
Event: 4.794 Thread 0x000001d061f68b90 DEOPT UNPACKING pc=0x000001d06a07a4c2 sp=0x000000265aafd0b0 mode 1
Event: 4.794 Thread 0x000001d061f68b90 DEOPT PACKING pc=0x000001d06a4cd17c sp=0x000000265aafdce0
Event: 4.794 Thread 0x000001d061f68b90 DEOPT UNPACKING pc=0x000001d06a07a4c2 sp=0x000000265aafd198 mode 1

Classes loaded (20 events):
Event: 4.703 Loading class java/lang/ThreadLocal$SuppliedThreadLocal
Event: 4.704 Loading class java/lang/ThreadLocal$SuppliedThreadLocal done
Event: 4.718 Loading class java/util/Collections$ReverseComparator
Event: 4.718 Loading class java/util/Collections$ReverseComparator done
Event: 4.718 Loading class java/util/Comparators$NaturalOrderComparator
Event: 4.718 Loading class java/util/Comparators$NaturalOrderComparator done
Event: 4.718 Loading class java/util/Collections$ReverseComparator2
Event: 4.718 Loading class java/util/Collections$ReverseComparator2 done
Event: 4.731 Loading class java/time/format/DateTimeParseException
Event: 4.731 Loading class java/time/format/DateTimeParseException done
Event: 4.732 Loading class java/util/regex/Pattern$Loop
Event: 4.732 Loading class java/util/regex/Pattern$Loop done
Event: 4.732 Loading class java/util/regex/Pattern$Prolog
Event: 4.733 Loading class java/util/regex/Pattern$Prolog done
Event: 4.733 Loading class java/util/regex/Pattern$SliceI
Event: 4.733 Loading class java/util/regex/Pattern$SliceI done
Event: 4.749 Loading class java/lang/TypeNotPresentException
Event: 4.749 Loading class java/lang/TypeNotPresentException done
Event: 4.775 Loading class java/util/regex/Pattern$1
Event: 4.776 Loading class java/util/regex/Pattern$1 done

Classes unloaded (0 events):
No events

Classes redefined (0 events):
No events

Internal exceptions (20 events):
Event: 4.311 Thread 0x000001d061f68b90 Exception <a 'java/lang/NoSuchMethodError'{0x0000000098c74900}: 'java.lang.Object java.lang.invoke.DirectMethodHandle$Holder.newInvokeSpecial(java.lang.Object, java.lang.Object, int, int)'> (0x0000000098c74900) 
thrown [s\open\src\hotspot\share\interpreter\linkResolver.cpp, line 773]
Event: 4.311 Thread 0x000001d061f68b90 Exception <a 'java/lang/NoSuchMethodError'{0x0000000098c784b8}: 'java.lang.Object java.lang.invoke.DirectMethodHandle$Holder.invokeSpecial(java.lang.Object, java.lang.Object, java.lang.Object, int, int)'> (0x0000000098c784b8) 
thrown [s\open\src\hotspot\share\interpreter\linkResolver.cpp, line 773]
Event: 4.312 Thread 0x000001d061f68b90 Exception <a 'java/lang/IncompatibleClassChangeError'{0x0000000098c7e738}: Found class java.lang.Object, but interface was expected> (0x0000000098c7e738) 
thrown [s\open\src\hotspot\share\interpreter\linkResolver.cpp, line 840]
Event: 4.383 Thread 0x000001d061f68b90 Exception <a 'java/lang/NoSuchMethodError'{0x00000000989dd760}: 'void java.lang.invoke.DirectMethodHandle$Holder.invokeStatic(java.lang.Object, java.lang.Object, java.lang.Object, java.lang.Object)'> (0x00000000989dd760) 
thrown [s\open\src\hotspot\share\interpreter\linkResolver.cpp, line 773]
Event: 4.394 Thread 0x000001d061f68b90 Exception <a 'java/lang/NoSuchMethodError'{0x0000000098877c20}: 'void java.lang.invoke.DirectMethodHandle$Holder.invokeStaticInit(java.lang.Object, java.lang.Object)'> (0x0000000098877c20) 
thrown [s\open\src\hotspot\share\interpreter\linkResolver.cpp, line 773]
Event: 4.596 Thread 0x000001d061f68b90 Exception <a 'sun/nio/fs/WindowsException'{0x0000000098092c88}> (0x0000000098092c88) 
thrown [s\open\src\hotspot\share\prims\jni.cpp, line 519]
Event: 4.596 Thread 0x000001d061f68b90 Exception <a 'sun/nio/fs/WindowsException'{0x0000000098092fc8}> (0x0000000098092fc8) 
thrown [s\open\src\hotspot\share\prims\jni.cpp, line 519]
Event: 4.610 Thread 0x000001d061f68b90 Exception <a 'java/lang/NoSuchMethodError'{0x0000000097f0cc38}: 'int java.lang.invoke.DirectMethodHandle$Holder.invokeInterface(java.lang.Object, java.lang.Object)'> (0x0000000097f0cc38) 
thrown [s\open\src\hotspot\share\interpreter\linkResolver.cpp, line 773]
Event: 4.610 Thread 0x000001d061f68b90 Exception <a 'java/lang/IncompatibleClassChangeError'{0x0000000097f0fe38}: Found class java.lang.Object, but interface was expected> (0x0000000097f0fe38) 
thrown [s\open\src\hotspot\share\interpreter\linkResolver.cpp, line 840]
Event: 4.611 Thread 0x000001d061f68b90 Exception <a 'java/lang/NoSuchMethodError'{0x0000000097f16898}: 'java.lang.Object java.lang.invoke.Invokers$Holder.invokeExact_MT(java.lang.Object, java.lang.Object, java.lang.Object, java.lang.Object, java.lang.Object, java.lang.Object)'> (0x0000000097f16898) 
thrown [s\open\src\hotspot\share\interpreter\linkResolver.cpp, line 773]
Event: 4.639 Thread 0x000001d061f68b90 Exception <a 'sun/nio/fs/WindowsException'{0x0000000097eb9ed8}> (0x0000000097eb9ed8) 
thrown [s\open\src\hotspot\share\prims\jni.cpp, line 519]
Event: 4.639 Thread 0x000001d061f68b90 Exception <a 'sun/nio/fs/WindowsException'{0x0000000097eba5b8}> (0x0000000097eba5b8) 
thrown [s\open\src\hotspot\share\prims\jni.cpp, line 519]
Event: 4.639 Thread 0x000001d061f68b90 Exception <a 'sun/nio/fs/WindowsException'{0x0000000097eba958}> (0x0000000097eba958) 
thrown [s\open\src\hotspot\share\prims\jni.cpp, line 519]
Event: 4.639 Thread 0x000001d061f68b90 Exception <a 'sun/nio/fs/WindowsException'{0x0000000097ebacf0}> (0x0000000097ebacf0) 
thrown [s\open\src\hotspot\share\prims\jni.cpp, line 519]
Event: 4.643 Thread 0x000001d061f68b90 Exception <a 'sun/nio/fs/WindowsException'{0x0000000097eeed38}> (0x0000000097eeed38) 
thrown [s\open\src\hotspot\share\prims\jni.cpp, line 519]
Event: 4.643 Thread 0x000001d061f68b90 Exception <a 'sun/nio/fs/WindowsException'{0x0000000097eef0a0}> (0x0000000097eef0a0) 
thrown [s\open\src\hotspot\share\prims\jni.cpp, line 519]
Event: 4.643 Thread 0x000001d061f68b90 Exception <a 'sun/nio/fs/WindowsException'{0x0000000097eef400}> (0x0000000097eef400) 
thrown [s\open\src\hotspot\share\prims\jni.cpp, line 519]
Event: 4.717 Thread 0x000001d061f68b90 Exception <a 'java/lang/NoSuchMethodError'{0x0000000097cb6138}: 'int java.lang.invoke.DirectMethodHandle$Holder.invokeVirtual(java.lang.Object, java.lang.Object)'> (0x0000000097cb6138) 
thrown [s\open\src\hotspot\share\interpreter\linkResolver.cpp, line 773]
Event: 4.721 Thread 0x000001d061f68b90 Exception <a 'sun/nio/fs/WindowsException'{0x0000000097ce5b20}> (0x0000000097ce5b20) 
thrown [s\open\src\hotspot\share\prims\jni.cpp, line 519]
Event: 4.806 Thread 0x000001d061f68b90 Exception <a 'java/lang/NoSuchMethodError'{0x00000000979f9dd8}: 'void java.lang.invoke.DirectMethodHandle$Holder.invokeInterface(java.lang.Object, java.lang.Object, java.lang.Object, java.lang.Object)'> (0x00000000979f9dd8) 
thrown [s\open\src\hotspot\share\interpreter\linkResolver.cpp, line 773]

VM Operations (20 events):
Event: 2.668 Executing VM operation: Cleanup done
Event: 2.693 Executing VM operation: G1CollectForAllocation
Event: 2.741 Executing VM operation: G1CollectForAllocation done
Event: 3.456 Executing VM operation: G1CollectForAllocation
Event: 3.488 Executing VM operation: G1CollectForAllocation done
Event: 3.690 Executing VM operation: G1CollectForAllocation
Event: 3.707 Executing VM operation: G1CollectForAllocation done
Event: 3.989 Executing VM operation: G1CollectForAllocation
Event: 4.029 Executing VM operation: G1CollectForAllocation done
Event: 4.046 Executing VM operation: HandshakeAllThreads
Event: 4.046 Executing VM operation: HandshakeAllThreads done
Event: 4.097 Executing VM operation: HandshakeAllThreads
Event: 4.097 Executing VM operation: HandshakeAllThreads done
Event: 4.101 Executing VM operation: HandshakeAllThreads
Event: 4.101 Executing VM operation: HandshakeAllThreads done
Event: 4.613 Executing VM operation: HandshakeAllThreads
Event: 4.613 Executing VM operation: HandshakeAllThreads done
Event: 4.711 Executing VM operation: ICBufferFull
Event: 4.711 Executing VM operation: ICBufferFull done
Event: 4.806 Executing VM operation: G1CollectForAllocation

Events (20 events):
Event: 0.132 Thread 0x000001d0725c1e20 Thread added: 0x000001d0725c1e20
Event: 0.132 Thread 0x000001d0725c5ec0 Thread added: 0x000001d0725c5ec0
Event: 0.163 Thread 0x000001d07257c6f0 Thread added: 0x000001d07257c6f0
Event: 0.171 Thread 0x000001d07681d380 Thread added: 0x000001d07681d380
Event: 0.734 Thread 0x000001d076e89c20 Thread added: 0x000001d076e89c20
Event: 0.736 Thread 0x000001d076e8f1b0 Thread added: 0x000001d076e8f1b0
Event: 0.737 Thread 0x000001d076e936a0 Thread added: 0x000001d076e936a0
Event: 1.093 Thread 0x000001d076e9a860 Thread added: 0x000001d076e9a860
Event: 4.115 Thread 0x000001d0781c2200 Thread added: 0x000001d0781c2200
Event: 4.317 Thread 0x000001d0781fe120 Thread added: 0x000001d0781fe120
Event: 4.318 Thread 0x000001d0768f0280 Thread added: 0x000001d0768f0280
Event: 4.318 Thread 0x000001d07825a500 Thread added: 0x000001d07825a500
Event: 4.318 Thread 0x000001d078291d30 Thread added: 0x000001d078291d30
Event: 4.318 Thread 0x000001d0782b5f30 Thread added: 0x000001d0782b5f30
Event: 4.318 Thread 0x000001d0782b44a0 Thread added: 0x000001d0782b44a0
Event: 4.319 Thread 0x000001d0782b6480 Thread added: 0x000001d0782b6480
Event: 4.319 Thread 0x000001d0782b69d0 Thread added: 0x000001d0782b69d0
Event: 4.319 Thread 0x000001d0782b3f50 Thread added: 0x000001d0782b3f50
Event: 4.319 Thread 0x000001d0782b34b0 Thread added: 0x000001d0782b34b0
Event: 4.319 Thread 0x000001d0782b3a00 Thread added: 0x000001d0782b3a00


Dynamic libraries:
0x00007ff7e8470000 - 0x00007ff7e8480000 	C:\Program Files\Java\jdk-20\bin\java.EXE
0x00007ff997d70000 - 0x00007ff997f86000 	C:\Windows\SYSTEM32\ntdll.dll
0x00007ff996550000 - 0x00007ff996614000 	C:\Windows\System32\KERNEL32.DLL
0x00007ff9955b0000 - 0x00007ff995957000 	C:\Windows\System32\KERNELBASE.dll
0x00007ff9952c0000 - 0x00007ff9953d1000 	C:\Windows\System32\ucrtbase.dll
0x00007ff989f10000 - 0x00007ff989f2b000 	C:\Program Files\Java\jdk-20\bin\VCRUNTIME140.dll
0x00007ff980c40000 - 0x00007ff980c59000 	C:\Program Files\Java\jdk-20\bin\jli.dll
0x00007ff995aa0000 - 0x00007ff995b52000 	C:\Windows\System32\ADVAPI32.dll
0x00007ff995b60000 - 0x00007ff995c07000 	C:\Windows\System32\msvcrt.dll
0x00007ff996630000 - 0x00007ff9966d8000 	C:\Windows\System32\sechost.dll
0x00007ff995460000 - 0x00007ff995488000 	C:\Windows\System32\bcrypt.dll
0x00007ff997350000 - 0x00007ff997465000 	C:\Windows\System32\RPCRT4.dll
0x00007ff997850000 - 0x00007ff9979fe000 	C:\Windows\System32\USER32.dll
0x00007ff995a00000 - 0x00007ff995a26000 	C:\Windows\System32\win32u.dll
0x00007ff981b30000 - 0x00007ff981dc3000 	C:\Windows\WinSxS\amd64_microsoft.windows.common-controls_6595b64144ccf1df_6.0.22621.3235_none_270f74e173860f98\COMCTL32.dll
0x00007ff997a10000 - 0x00007ff997a39000 	C:\Windows\System32\GDI32.dll
0x00007ff995490000 - 0x00007ff9955a9000 	C:\Windows\System32\gdi32full.dll
0x00007ff995960000 - 0x00007ff9959fa000 	C:\Windows\System32\msvcp_win.dll
0x00007ff98bf00000 - 0x00007ff98bf0a000 	C:\Windows\SYSTEM32\VERSION.dll
0x00007ff996b50000 - 0x00007ff996b81000 	C:\Windows\System32\IMM32.DLL
0x00007ff991670000 - 0x00007ff99167c000 	C:\Program Files\Java\jdk-20\bin\vcruntime140_1.dll
0x00007ff94a560000 - 0x00007ff94a5ee000 	C:\Program Files\Java\jdk-20\bin\msvcp140.dll
0x00007ff8f1650000 - 0x00007ff8f22e7000 	C:\Program Files\Java\jdk-20\bin\server\jvm.dll
0x00007ff98c180000 - 0x00007ff98c1b4000 	C:\Windows\SYSTEM32\WINMM.dll
0x00007ff973fb0000 - 0x00007ff973fb9000 	C:\Windows\SYSTEM32\WSOCK32.dll
0x00007ff997ac0000 - 0x00007ff997b31000 	C:\Windows\System32\WS2_32.dll
0x00007ff9940a0000 - 0x00007ff9940b8000 	C:\Windows\SYSTEM32\kernel.appcore.dll
0x00007ff98fce0000 - 0x00007ff98fcea000 	C:\Program Files\Java\jdk-20\bin\jimage.dll
0x00007ff992a60000 - 0x00007ff992c93000 	C:\Windows\SYSTEM32\DBGHELP.DLL
0x00007ff9974c0000 - 0x00007ff997848000 	C:\Windows\System32\combase.dll
0x00007ff997c40000 - 0x00007ff997d17000 	C:\Windows\System32\OLEAUT32.dll
0x00007ff97ff60000 - 0x00007ff97ff92000 	C:\Windows\SYSTEM32\dbgcore.DLL
0x00007ff9953e0000 - 0x00007ff995459000 	C:\Windows\System32\bcryptPrimitives.dll
0x00007ff97d050000 - 0x00007ff97d05e000 	C:\Program Files\Java\jdk-20\bin\instrument.dll
0x00007ff97d0e0000 - 0x00007ff97d106000 	C:\Program Files\Java\jdk-20\bin\java.dll
0x00007ff963cc0000 - 0x00007ff963cfc000 	C:\Program Files\Java\jdk-20\bin\jdwp.dll
0x00007ff93fdb0000 - 0x00007ff93fe87000 	C:\Program Files\Java\jdk-20\bin\jsvml.dll
0x00007ff995cf0000 - 0x00007ff99654c000 	C:\Windows\System32\SHELL32.dll
0x00007ff992fa0000 - 0x00007ff993899000 	C:\Windows\SYSTEM32\windows.storage.dll
0x00007ff992e60000 - 0x00007ff992f9e000 	C:\Windows\SYSTEM32\wintypes.dll
0x00007ff997b40000 - 0x00007ff997c33000 	C:\Windows\System32\SHCORE.dll
0x00007ff995c10000 - 0x00007ff995c6e000 	C:\Windows\System32\shlwapi.dll
0x00007ff994fc0000 - 0x00007ff994fe1000 	C:\Windows\SYSTEM32\profapi.dll
0x00007ff976d50000 - 0x00007ff976d68000 	C:\Program Files\Java\jdk-20\bin\zip.dll
0x00007ff97d080000 - 0x00007ff97d093000 	C:\Program Files\Java\jdk-20\bin\net.dll
0x00007ff98d590000 - 0x00007ff98d6c6000 	C:\Windows\SYSTEM32\WINHTTP.dll
0x00007ff994520000 - 0x00007ff994589000 	C:\Windows\system32\mswsock.dll
0x00007ff976d70000 - 0x00007ff976d86000 	C:\Program Files\Java\jdk-20\bin\nio.dll
0x00007ff9717e0000 - 0x00007ff9717ec000 	C:\Program Files\Java\jdk-20\bin\dt_socket.dll
0x00007ff993b40000 - 0x00007ff993b6d000 	C:\Windows\SYSTEM32\IPHLPAPI.DLL
0x00007ff993b70000 - 0x00007ff993c69000 	C:\Windows\SYSTEM32\DNSAPI.dll
0x00007ff996b90000 - 0x00007ff996b99000 	C:\Windows\System32\NSI.dll
0x00007ff989b80000 - 0x00007ff989b8a000 	C:\Windows\System32\rasadhlp.dll
0x00007ff98bc60000 - 0x00007ff98bce3000 	C:\Windows\System32\fwpuclnt.dll
0x00007ff98b140000 - 0x00007ff98b150000 	C:\Program Files\Java\jdk-20\bin\verify.dll

dbghelp: loaded successfully - version: 4.0.5 - missing functions: none
symbol engine: initialized successfully - sym options: 0x614 - pdb path: .;C:\Program Files\Java\jdk-20\bin;C:\Windows\SYSTEM32;C:\Windows\WinSxS\amd64_microsoft.windows.common-controls_6595b64144ccf1df_6.0.22621.3235_none_270f74e173860f98;C:\Program Files\Java\jdk-20\bin\server

VM Arguments:
jvm_args: -Dquarkus-internal.serialized-app-model.path=D:\MANO-OCS\target\quarkus\bootstrap\dev-app-model.dat -javaagent:C:\Users\Bao Trung\.m2\repository\io\quarkus\quarkus-class-change-agent\3.9.2\quarkus-class-change-agent-3.9.2.jar -XX:TieredStopAtLevel=1 -agentlib:jdwp=transport=dt_socket,address=localhost:5005,server=y,suspend=n -Djava.util.logging.manager=org.jboss.logmanager.LogManager 
java_command: D:\MANO-OCS\target\code-with-quarkus-dev.jar
java_class_path (initial): D:\MANO-OCS\target\code-with-quarkus-dev.jar
Launcher Type: SUN_STANDARD

[Global flags]
     intx CICompilerCount                          = 4                                         {product} {ergonomic}
     uint ConcGCThreads                            = 3                                         {product} {ergonomic}
     uint G1ConcRefinementThreads                  = 10                                        {product} {ergonomic}
   size_t G1HeapRegionSize                         = 1048576                                   {product} {ergonomic}
    uintx GCDrainStackTargetSize                   = 64                                        {product} {ergonomic}
   size_t InitialHeapSize                          = 115343360                                 {product} {ergonomic}
   size_t MarkStackSize                            = 4194304                                   {product} {ergonomic}
   size_t MaxHeapSize                              = 1832910848                                {product} {ergonomic}
   size_t MaxNewSize                               = 1098907648                                {product} {ergonomic}
   size_t MinHeapDeltaBytes                        = 1048576                                   {product} {ergonomic}
   size_t MinHeapSize                              = 8388608                                   {product} {ergonomic}
    uintx NonProfiledCodeHeapSize                  = 0                                      {pd product} {ergonomic}
     bool PerfDisableSharedMem                     = true                                      {product} {ergonomic}
     bool ProfileInterpreter                       = false                                  {pd product} {command line}
    uintx ProfiledCodeHeapSize                     = 0                                      {pd product} {ergonomic}
   size_t SoftMaxHeapSize                          = 1832910848                             {manageable} {ergonomic}
     intx TieredStopAtLevel                        = 1                                         {product} {command line}
     bool UseCompressedClassPointers               = true                           {product lp64_product} {ergonomic}
     bool UseCompressedOops                        = true                           {product lp64_product} {ergonomic}
     bool UseG1GC                                  = true                                      {product} {ergonomic}
     bool UseLargePagesIndividualAllocation        = false                                  {pd product} {ergonomic}

Logging:
Log output configuration:
 #0: stdout all=warning uptime,level,tags foldmultilines=false
 #1: stderr all=off uptime,level,tags foldmultilines=false

Environment Variables:
JAVA_HOME=C:\Program Files\Java\jdk-20
PATH=C:\Program Files\Common Files\Oracle\Java\javapath;C:\Program Files\Microsoft MPI\Bin\;C:\Windows\system32;C:\Windows;C:\Windows\System32\Wbem;C:\Windows\System32\WindowsPowerShell\v1.0\;C:\Windows\System32\OpenSSH\;C:\MinGW\bin;C:\Program Files\nodejs\;C:\Program Files\Git\cmd;C:\MinGW\bin;C:\Program Files (x86)\Microsoft SQL Server\160\Tools\Binn\;C:\Program Files\Microsoft SQL Server\160\Tools\Binn\;C:\Program Files\Microsoft SQL Server\Client SDK\ODBC\170\Tools\Binn\;C:\Program Files\Microsoft SQL Server\160\DTS\Binn\;C:\Program Files (x86)\Microsoft SQL Server\160\DTS\Binn\;C:\Program Files\Azure Data Studio\bin;C:\tools\apache-maven-3.9.4\bin;C:\Program Files\Kubernetes\Minikube;C:\Program Files\Vagrant\bin;C:\Program Files\Java\jdk-20\bin;C:\hadoop-3.3.0\bin;C:\Program Files\Docker\Docker\resources\bin;C:\Program Files\MongoDB\Server\6.0\bin;C:\ProgramData\chocolatey\bin;C:\Users\Bao Trung\AppData\Local\Programs\Python\Python310\Scripts\;C:\Users\Bao Trung\AppData\Local\Programs\Python\Python310\;C:\Users\Bao Trung\AppData\Local\Microsoft\WindowsApps;C:\Users\Bao Trung\AppData\Local\Programs\Microsoft VS Code\bin;C:\Users\Bao Trung\AppData\Roaming\npm;C:\Program Files\Python311;C:\Program Files\Azure Data Studio\bin;C:\Users\Bao Trung\AppData\Local\Programs\MiKTeX\miktex\bin\x64\;C:\Program Files\Java\jdk-20\bin;C:\hadoop-3.3.0\bin;C:\Program Files\SDCC\bin;C:\Program Files\MongoDB\Server\6.0\bin;C:\Program Files\mongosh-2.2.1-win32-x64\bin;
USERNAME=Bao Trung
OS=Windows_NT
PROCESSOR_IDENTIFIER=AMD64 Family 25 Model 80 Stepping 0, AuthenticAMD
TMP=C:\Users\BAOTRU~1\AppData\Local\Temp
TEMP=C:\Users\BAOTRU~1\AppData\Local\Temp




---------------  S Y S T E M  ---------------

OS:
 Windows 11 , 64 bit Build 22621 (10.0.22621.3374)
OS uptime: 7 days 6:10 hours
Hyper-V role detected

CPU: total 12 (initial active 12) (12 cores per cpu, 2 threads per core) family 25 model 80 stepping 0 microcode 0x0, cx8, cmov, fxsr, ht, mmx, 3dnowpref, sse, sse2, sse3, ssse3, sse4a, sse4.1, sse4.2, popcnt, lzcnt, tsc, tscinvbit, avx, avx2, aes, erms, clmul, bmi1, bmi2, adx, sha, fma, vzeroupper, clflush, clflushopt, hv, rdtscp, rdpid, fsrm, f16c, cet_ss

Memory: 4k page, system-wide physical 6990M (74M free)
TotalPageFile size 28487M (AvailPageFile size 52M)
current process WorkingSet (physical memory assigned to process): 132M, peak: 132M
current process commit charge ("private bytes"): 228M, peak: 306M

vm_info: Java HotSpot(TM) 64-Bit Server VM (20.0.1+9-29) for windows-amd64 JRE (20.0.1+9-29), built on 2023-03-07T13:56:11Z by "mach5one" with MS VC++ 17.1 (VS2022)

END.
